 
/home/guess/patchrom/tools/patch_miui_framework.sh  /home/guess/patchrom/android/base-framework /home/guess/patchrom/android `pwd`
<<< create temp directory to store the old, new source and destination smali code with .line removed
<<< compute the difference between /home/guess/patchrom/d855/temp/old_smali/android.policy.jar.out and /home/guess/patchrom/d855/temp/new_smali/android.policy.jar.out
<<< apply the patch into the /home/guess/patchrom/d855/android.policy.jar.out
patching file /home/guess/patchrom/d855/android.policy.jar.out/./smali/com/android/internal/policy/impl/PhoneWindowManager.smali
Hunk #1 succeeded at 200 with fuzz 2 (offset 40 lines).
Hunk #2 succeeded at 319 (offset 58 lines).
Hunk #3 succeeded at 403 (offset 72 lines).
Hunk #4 FAILED at 393.
Hunk #5 succeeded at 822 with fuzz 1 (offset 132 lines).
Hunk #6 succeeded at 4615 (offset 1399 lines).
Hunk #7 succeeded at 7853 (offset 1841 lines).
Hunk #8 succeeded at 10385 (offset 1865 lines).
Hunk #9 succeeded at 10469 (offset 1869 lines).
Hunk #10 FAILED at 11952.
Hunk #11 FAILED at 12604.
Hunk #12 succeeded at 18644 with fuzz 2 (offset 3918 lines).
Hunk #13 succeeded at 20938 (offset 4071 lines).
Hunk #14 succeeded at 21065 with fuzz 1 (offset 4071 lines).
Hunk #15 FAILED at 17014.
4 out of 15 hunks FAILED -- saving rejects to file /home/guess/patchrom/d855/temp/reject/android.policy.jar.out/./smali/com/android/internal/policy/impl/PhoneWindowManager.smali.rej
patching file /home/guess/patchrom/d855/android.policy.jar.out/./smali/com/android/internal/policy/impl/Policy.smali
<<< compute the difference between /home/guess/patchrom/d855/temp/old_smali/framework.jar.out and /home/guess/patchrom/d855/temp/new_smali/framework.jar.out
<<< apply the patch into the /home/guess/patchrom/d855/framework.jar.out
patching file '/home/guess/patchrom/d855/framework.jar.out/./smali/android/provider/Settings$System.smali'
Hunk #1 succeeded at 2171 (offset 644 lines).
patching file '/home/guess/patchrom/d855/framework.jar.out/./smali/android/provider/CallLog$Calls.smali'
Hunk #1 succeeded at 96 (offset 8 lines).
Hunk #2 succeeded at 140 (offset 8 lines).
Hunk #3 FAILED at 149.
Hunk #4 succeeded at 242 with fuzz 1 (offset 83 lines).
Hunk #5 succeeded at 572 (offset 99 lines).
1 out of 5 hunks FAILED -- saving rejects to file '/home/guess/patchrom/d855/temp/reject/framework.jar.out/./smali/android/provider/CallLog$Calls.smali.rej'
patching file /home/guess/patchrom/d855/framework.jar.out/./smali/android/app/DialogFragment.smali
Reversed (or previously applied) patch detected!  Assume -R? [n] 
Apply anyway? [n] 
Skipping patch.
1 out of 1 hunk ignored -- saving rejects to file /home/guess/patchrom/d855/temp/reject/framework.jar.out/./smali/android/app/DialogFragment.smali.rej
patching file /home/guess/patchrom/d855/framework.jar.out/./smali/android/app/ResourcesManager.smali
Hunk #1 FAILED at 215.
Hunk #2 FAILED at 772.
2 out of 2 hunks FAILED -- saving rejects to file /home/guess/patchrom/d855/temp/reject/framework.jar.out/./smali/android/app/ResourcesManager.smali.rej
patching file '/home/guess/patchrom/d855/framework.jar.out/./smali/android/app/FragmentManagerImpl$6.smali'
patching file /home/guess/patchrom/d855/framework.jar.out/./smali/android/app/ApplicationPackageManager.smali
Hunk #2 FAILED at 2679.
1 out of 2 hunks FAILED -- saving rejects to file /home/guess/patchrom/d855/temp/reject/framework.jar.out/./smali/android/app/ApplicationPackageManager.smali.rej
patching file /home/guess/patchrom/d855/framework.jar.out/./smali/android/app/backup/BackupAgent.smali
Hunk #1 succeeded at 439 (offset 372 lines).
Hunk #2 succeeded at 1032 (offset 431 lines).
Hunk #3 FAILED at 1164.
1 out of 3 hunks FAILED -- saving rejects to file /home/guess/patchrom/d855/temp/reject/framework.jar.out/./smali/android/app/backup/BackupAgent.smali.rej
patching file /home/guess/patchrom/d855/framework.jar.out/./smali/android/app/BackStackState.smali
patching file /home/guess/patchrom/d855/framework.jar.out/./smali/android/app/LoadedApk.smali
Hunk #1 succeeded at 1841 (offset 29 lines).
patching file /home/guess/patchrom/d855/framework.jar.out/./smali/android/app/Notification.smali
Hunk #1 succeeded at 141 (offset 2 lines).
Hunk #2 succeeded at 198 (offset 2 lines).
Hunk #3 succeeded at 238 (offset 2 lines).
Hunk #4 succeeded at 278 (offset 2 lines).
Hunk #5 succeeded at 316 (offset 2 lines).
Hunk #6 succeeded at 584 (offset 2 lines).
Hunk #7 succeeded at 955 (offset 2 lines).
Hunk #8 succeeded at 1584 (offset 2 lines).
patching file /home/guess/patchrom/d855/framework.jar.out/./smali/android/app/ContextImpl.smali
Hunk #1 succeeded at 560 (offset 40 lines).
Hunk #2 FAILED at 689.
Hunk #3 succeeded at 1910 (offset 160 lines).
1 out of 3 hunks FAILED -- saving rejects to file /home/guess/patchrom/d855/temp/reject/framework.jar.out/./smali/android/app/ContextImpl.smali.rej
patching file /home/guess/patchrom/d855/framework.jar.out/./smali/android/app/Activity.smali
patching file /home/guess/patchrom/d855/framework.jar.out/./smali/android/app/StatusBarManager.smali
patching file /home/guess/patchrom/d855/framework.jar.out/./smali/android/graphics/drawable/NinePatchDrawable.smali
patching file /home/guess/patchrom/d855/framework.jar.out/./smali/android/database/sqlite/SQLiteCursor.smali
patching file /home/guess/patchrom/d855/framework.jar.out/./smali/android/database/AbstractCursor.smali
patching file /home/guess/patchrom/d855/framework.jar.out/./smali/android/util/DisplayMetrics.smali
patching file /home/guess/patchrom/d855/framework.jar.out/./smali/android/preference/RingtonePreference.smali
Hunk #1 succeeded at 363 with fuzz 2 (offset 52 lines).
patching file /home/guess/patchrom/d855/framework.jar.out/./smali/android/net/EthernetDataTracker.smali
patching file '/home/guess/patchrom/d855/framework.jar.out/./smali/android/net/IConnectivityManager$Stub$Proxy.smali'
Hunk #1 succeeded at 3804 (offset 3 lines).
patching file '/home/guess/patchrom/d855/framework.jar.out/./smali/android/net/CaptivePortalTracker$DelayedCaptiveCheckState.smali'
patching file /home/guess/patchrom/d855/framework.jar.out/./smali/android/net/CaptivePortalTracker.smali
patching file /home/guess/patchrom/d855/framework.jar.out/./smali/android/net/IConnectivityManager.smali
patching file /home/guess/patchrom/d855/framework.jar.out/./smali/android/net/MobileDataStateTracker.smali
Hunk #1 succeeded at 51 (offset 4 lines).
Hunk #2 succeeded at 290 (offset 16 lines).
Hunk #3 succeeded at 701 (offset 62 lines).
Hunk #4 succeeded at 1123 (offset 93 lines).
Hunk #5 succeeded at 2540 (offset 328 lines).
Hunk #6 succeeded at 3223 (offset 408 lines).
patching file /home/guess/patchrom/d855/framework.jar.out/./smali/android/net/ConnectivityManager.smali
Hunk #1 succeeded at 1535 (offset 4 lines).
Hunk #2 succeeded at 1580 (offset 4 lines).
patching file '/home/guess/patchrom/d855/framework.jar.out/./smali/android/net/wifi/SupplicantStateTracker$CompletedState.smali'
patching file '/home/guess/patchrom/d855/framework.jar.out/./smali/android/net/wifi/WifiEnterpriseConfig$Eap.smali'
patching file /home/guess/patchrom/d855/framework.jar.out/./smali/android/net/wifi/WifiInfo.smali
patching file '/home/guess/patchrom/d855/framework.jar.out/./smali/android/net/wifi/WifiConfiguration$GroupCipher.smali'
patching file '/home/guess/patchrom/d855/framework.jar.out/./smali/android/net/wifi/SupplicantStateTracker$DisconnectedState.smali'
patching file '/home/guess/patchrom/d855/framework.jar.out/./smali/android/net/wifi/WifiStateMachine$ConnectModeState.smali'
patching file '/home/guess/patchrom/d855/framework.jar.out/./smali/android/net/wifi/ScanResult$1.smali'
patching file /home/guess/patchrom/d855/framework.jar.out/./smali/android/net/wifi/WifiEnterpriseConfig.smali
patching file '/home/guess/patchrom/d855/framework.jar.out/./smali/android/net/wifi/WifiConfiguration$1.smali'
Hunk #1 succeeded at 91 (offset 4 lines).
patching file /home/guess/patchrom/d855/framework.jar.out/./smali/android/net/wifi/WifiManager.smali
Hunk #1 succeeded at 1668 (offset 96 lines).
patching file '/home/guess/patchrom/d855/framework.jar.out/./smali/android/net/wifi/WifiMonitor$MonitorThread.smali'
patching file /home/guess/patchrom/d855/framework.jar.out/./smali/android/net/wifi/WifiConfiguration.smali
Hunk #1 succeeded at 105 (offset 8 lines).
Hunk #2 succeeded at 247 (offset 12 lines).
Hunk #3 succeeded at 315 (offset 12 lines).
Hunk #4 succeeded at 572 (offset 20 lines).
Hunk #5 succeeded at 651 (offset 20 lines).
Hunk #6 succeeded at 1554 (offset 24 lines).
patching file '/home/guess/patchrom/d855/framework.jar.out/./smali/android/net/wifi/WifiConfiguration$Protocol.smali'
patching file '/home/guess/patchrom/d855/framework.jar.out/./smali/android/net/wifi/WifiConfiguration$KeyMgmt.smali'
patching file '/home/guess/patchrom/d855/framework.jar.out/./smali/android/net/wifi/SupplicantStateTracker$DefaultState.smali'
patching file /home/guess/patchrom/d855/framework.jar.out/./smali/android/net/wifi/WifiStateMachine.smali
Hunk #1 succeeded at 963 (offset 27 lines).
Hunk #2 succeeded at 5166 (offset 135 lines).
Hunk #3 succeeded at 5324 (offset 160 lines).
Hunk #4 succeeded at 5522 (offset 160 lines).
Hunk #5 succeeded at 5605 (offset 168 lines).
Hunk #6 FAILED at 7447.
Hunk #7 FAILED at 7476.
Hunk #8 FAILED at 7659.
Hunk #9 FAILED at 7968.
Hunk #10 succeeded at 8394 (offset 349 lines).
Hunk #11 succeeded at 8428 with fuzz 1 (offset 349 lines).
Hunk #12 FAILED at 8144.
Hunk #13 succeeded at 10390 (offset 388 lines).
5 out of 13 hunks FAILED -- saving rejects to file /home/guess/patchrom/d855/temp/reject/framework.jar.out/./smali/android/net/wifi/WifiStateMachine.smali.rej
patching file /home/guess/patchrom/d855/framework.jar.out/./smali/android/net/wifi/WifiConfigStore.smali
Hunk #1 succeeded at 88 (offset 4 lines).
Hunk #2 succeeded at 168 (offset 4 lines).
Hunk #3 FAILED at 5289.
Hunk #4 succeeded at 5225 (offset -78 lines).
Hunk #5 succeeded at 5245 with fuzz 2 (offset -80 lines).
Hunk #6 succeeded at 5296 (offset -84 lines).
Hunk #7 succeeded at 6191 (offset 458 lines).
Hunk #8 succeeded at 6822 (offset 458 lines).
Hunk #9 succeeded at 7180 (offset 498 lines).
1 out of 9 hunks FAILED -- saving rejects to file /home/guess/patchrom/d855/temp/reject/framework.jar.out/./smali/android/net/wifi/WifiConfigStore.smali.rej
patching file /home/guess/patchrom/d855/framework.jar.out/./smali/android/net/wifi/ScanResult.smali
patching file /home/guess/patchrom/d855/framework.jar.out/./smali/android/net/wifi/SupplicantStateTracker.smali
Reversed (or previously applied) patch detected!  Assume -R? [n] 
Apply anyway? [n] 
Skipping patch.
3 out of 3 hunks ignored -- saving rejects to file /home/guess/patchrom/d855/temp/reject/framework.jar.out/./smali/android/net/wifi/SupplicantStateTracker.smali.rej
patching file '/home/guess/patchrom/d855/framework.jar.out/./smali/android/net/wifi/WifiConfiguration$PairwiseCipher.smali'
patching file '/home/guess/patchrom/d855/framework.jar.out/./smali/android/net/wifi/WifiInfo$1.smali'
patching file '/home/guess/patchrom/d855/framework.jar.out/./smali/android/net/IConnectivityManager$Stub.smali'
Hunk #2 succeeded at 1897 (offset 6 lines).
Hunk #3 succeeded at 2025 (offset 6 lines).
patching file /home/guess/patchrom/d855/framework.jar.out/./smali/android/widget/AbsListView.smali
patching file '/home/guess/patchrom/d855/framework.jar.out/./smali/android/widget/OverScroller$SplineOverScroller.smali'
Hunk #3 succeeded at 79 (offset 2 lines).
Hunk #4 succeeded at 374 (offset 2 lines).
Hunk #5 succeeded at 384 (offset 2 lines).
Hunk #6 succeeded at 1107 (offset 12 lines).
Hunk #7 succeeded at 1126 (offset 12 lines).
Hunk #8 succeeded at 1170 (offset 12 lines).
Hunk #9 succeeded at 1300 (offset 12 lines).
Hunk #10 succeeded at 1629 (offset 20 lines).
Hunk #11 succeeded at 1663 (offset 20 lines).
Hunk #12 succeeded at 1781 (offset 20 lines).
patching file '/home/guess/patchrom/d855/framework.jar.out/./smali/android/widget/AbsListView$MultiChoiceModeWrapper.smali'
patching file /home/guess/patchrom/d855/framework.jar.out/./smali/android/widget/TextView.smali
Hunk #2 FAILED at 20120.
Hunk #3 succeeded at 22806 (offset 4 lines).
Hunk #4 succeeded at 25429 (offset 4 lines).
Hunk #5 succeeded at 25484 (offset 4 lines).
Hunk #6 succeeded at 25558 (offset 4 lines).
1 out of 6 hunks FAILED -- saving rejects to file /home/guess/patchrom/d855/temp/reject/framework.jar.out/./smali/android/widget/TextView.smali.rej
patching file '/home/guess/patchrom/d855/framework.jar.out/./smali/android/widget/Toast$TN.smali'
patching file /home/guess/patchrom/d855/framework.jar.out/./smali/android/widget/EdgeEffect.smali
patching file /home/guess/patchrom/d855/framework.jar.out/./smali/android/widget/Toast.smali
patching file '/home/guess/patchrom/d855/framework.jar.out/./smali/android/widget/AbsListView$PositionScroller.smali'
patching file /home/guess/patchrom/d855/framework.jar.out/./smali/android/widget/OverScroller.smali
patching file '/home/guess/patchrom/d855/framework.jar.out/./smali/android/media/MediaScanner$MyMediaScannerClient.smali'
Hunk #1 succeeded at 3573 (offset 210 lines).
Hunk #2 succeeded at 3581 (offset 210 lines).
patching file /home/guess/patchrom/d855/framework.jar.out/./smali/android/media/MiniThumbFile.smali
Hunk #2 FAILED at 176.
Hunk #3 FAILED at 371.
Hunk #4 succeeded at 1276 with fuzz 2 (offset 740 lines).
Hunk #5 succeeded at 1310 (offset 759 lines).
Hunk #6 FAILED at 583.
Hunk #7 FAILED at 804.
Hunk #8 FAILED at 840.
Hunk #9 FAILED at 867.
Hunk #10 FAILED at 879.
Hunk #11 succeeded at 1918 with fuzz 2 (offset 784 lines).
Hunk #12 succeeded at 1978 (offset 794 lines).
7 out of 12 hunks FAILED -- saving rejects to file /home/guess/patchrom/d855/temp/reject/framework.jar.out/./smali/android/media/MiniThumbFile.smali.rej
patching file /home/guess/patchrom/d855/framework.jar.out/./smali/android/media/MediaMetadataEditor.smali
patching file '/home/guess/patchrom/d855/framework.jar.out/./smali/android/media/AudioService$VolumeStreamState.smali'
Hunk #2 succeeded at 1493 with fuzz 2 (offset 15 lines).
patching file /home/guess/patchrom/d855/framework.jar.out/./smali/android/media/AudioService.smali
Hunk #1 succeeded at 376 with fuzz 2 (offset 21 lines).
Hunk #2 succeeded at 787 with fuzz 2 (offset 31 lines).
Hunk #3 succeeded at 817 (offset 41 lines).
Hunk #4 succeeded at 2261 with fuzz 1 (offset 269 lines).
Hunk #5 succeeded at 2607 (offset 281 lines).
Hunk #6 FAILED at 3417.
Hunk #7 FAILED at 3949.
Hunk #8 FAILED at 6445.
Hunk #9 FAILED at 6461.
Hunk #10 succeeded at 7025 (offset 467 lines).
Hunk #11 FAILED at 6576.
Hunk #12 succeeded at 7057 (offset 465 lines).
Hunk #13 succeeded at 7968 (offset 532 lines).
Hunk #14 succeeded at 8242 (offset 534 lines).
Hunk #15 succeeded at 10212 (offset 584 lines).
Hunk #16 FAILED at 9973.
Hunk #17 succeeded at 10686 (offset 605 lines).
Hunk #18 succeeded at 10705 (offset 605 lines).
Hunk #19 FAILED at 10330.
Hunk #20 succeeded at 11614 (offset 646 lines).
7 out of 20 hunks FAILED -- saving rejects to file /home/guess/patchrom/d855/temp/reject/framework.jar.out/./smali/android/media/AudioService.smali.rej
patching file /home/guess/patchrom/d855/framework.jar.out/./smali/android/media/MediaFile.smali
Hunk #1 succeeded at 475 (offset 62 lines).
Hunk #2 FAILED at 1088.
1 out of 2 hunks FAILED -- saving rejects to file /home/guess/patchrom/d855/temp/reject/framework.jar.out/./smali/android/media/MediaFile.smali.rej
patching file /home/guess/patchrom/d855/framework.jar.out/./smali/android/content/Intent.smali
Hunk #1 succeeded at 651 (offset 30 lines).
Hunk #2 succeeded at 802 (offset 30 lines).
Hunk #3 succeeded at 850 (offset 30 lines).
Hunk #4 succeeded at 4857 (offset 30 lines).
Hunk #5 succeeded at 6499 (offset 36 lines).
Hunk #6 succeeded at 7191 (offset 36 lines).
Hunk #7 succeeded at 8011 (offset 36 lines).
patching file '/home/guess/patchrom/d855/framework.jar.out/./smali/android/content/res/Resources$Theme.smali'
patching file /home/guess/patchrom/d855/framework.jar.out/./smali/android/content/res/AssetManager.smali
Hunk #1 succeeded at 162 (offset 35 lines).
Hunk #2 succeeded at 215 with fuzz 2 (offset 41 lines).
patching file /home/guess/patchrom/d855/framework.jar.out/./smali/android/content/res/Configuration.smali
Hunk #1 succeeded at 208 (offset 8 lines).
Hunk #2 succeeded at 270 (offset 10 lines).
Hunk #3 succeeded at 359 (offset 14 lines).
Hunk #4 succeeded at 765 with fuzz 2 (offset 26 lines).
Hunk #5 FAILED at 1050.
Hunk #6 succeeded at 1331 with fuzz 1 (offset 78 lines).
Hunk #7 succeeded at 1610 with fuzz 2 (offset 92 lines).
Hunk #8 succeeded at 1666 (offset 92 lines).
Hunk #9 succeeded at 1843 with fuzz 2 (offset 166 lines).
Hunk #10 succeeded at 3268 with fuzz 2 (offset 1528 lines).
Hunk #11 FAILED at 2068.
Hunk #12 FAILED at 2996.
Hunk #13 FAILED at 3117.
4 out of 13 hunks FAILED -- saving rejects to file /home/guess/patchrom/d855/temp/reject/framework.jar.out/./smali/android/content/res/Configuration.smali.rej
patching file /home/guess/patchrom/d855/framework.jar.out/./smali/android/content/res/Resources.smali
Hunk #1 succeeded at 259 (offset 43 lines).
Hunk #2 succeeded at 662 with fuzz 1 (offset 53 lines).
Hunk #3 succeeded at 896 (offset 53 lines).
Hunk #4 succeeded at 907 (offset 53 lines).
Hunk #5 succeeded at 970 (offset 53 lines).
Hunk #6 succeeded at 2859 (offset 217 lines).
Hunk #7 succeeded at 3957 (offset 431 lines).
Hunk #8 succeeded at 4339 (offset 431 lines).
Hunk #9 succeeded at 4591 (offset 431 lines).
Hunk #10 succeeded at 4712 (offset 431 lines).
Hunk #11 succeeded at 4819 (offset 431 lines).
Hunk #12 succeeded at 5041 (offset 431 lines).
Hunk #13 succeeded at 5464 (offset 431 lines).
Hunk #14 succeeded at 5540 (offset 431 lines).
Hunk #15 succeeded at 6474 with fuzz 2 (offset 456 lines).
Hunk #16 succeeded at 6955 with fuzz 2 (offset 509 lines).
patching file /home/guess/patchrom/d855/framework.jar.out/./smali/android/content/pm/PackageItemInfo.smali
Hunk #1 succeeded at 354 (offset 12 lines).
patching file /home/guess/patchrom/d855/framework.jar.out/./smali/android/content/pm/ResolveInfo.smali
Hunk #1 succeeded at 823 (offset 2 lines).
Hunk #2 succeeded at 849 (offset 2 lines).
patching file /home/guess/patchrom/d855/framework.jar.out/./smali/android/content/pm/PackageParser.smali
Hunk #1 FAILED at 15179.
Hunk #2 FAILED at 15187.
Hunk #3 succeeded at 15192 with fuzz 2 (offset -319 lines).
Hunk #4 succeeded at 17770 (offset 2205 lines).
2 out of 4 hunks FAILED -- saving rejects to file /home/guess/patchrom/d855/temp/reject/framework.jar.out/./smali/android/content/pm/PackageParser.smali.rej
patching file '/home/guess/patchrom/d855/framework.jar.out/./smali/android/content/pm/ResolveInfo$DisplayNameComparator.smali'
patching file /home/guess/patchrom/d855/framework.jar.out/./smali/android/content/Context.smali
Hunk #1 succeeded at 176 (offset 10 lines).
patching file '/home/guess/patchrom/d855/framework.jar.out/./smali/android/os/Build$VERSION.smali'
patching file /home/guess/patchrom/d855/framework.jar.out/./smali/android/os/RecoverySystem.smali
Hunk #1 succeeded at 652 (offset 121 lines).
Hunk #2 FAILED at 710.
1 out of 2 hunks FAILED -- saving rejects to file /home/guess/patchrom/d855/temp/reject/framework.jar.out/./smali/android/os/RecoverySystem.smali.rej
patching file /home/guess/patchrom/d855/framework.jar.out/./smali/android/webkit/WebView.smali
patching file '/home/guess/patchrom/d855/framework.jar.out/./smali/android/accounts/AccountManager$AmsTask$Response.smali'
patching file /home/guess/patchrom/d855/framework.jar.out/./smali/android/accounts/ChooseTypeAndAccountActivity.smali
Hunk #2 FAILED at 1037.
1 out of 2 hunks FAILED -- saving rejects to file /home/guess/patchrom/d855/temp/reject/framework.jar.out/./smali/android/accounts/ChooseTypeAndAccountActivity.smali.rej
patching file /home/guess/patchrom/d855/framework.jar.out/./smali/android/telephony/TelephonyManager.smali
Hunk #1 succeeded at 3344 (offset 311 lines).
Hunk #2 succeeded at 3633 (offset 353 lines).
Hunk #3 succeeded at 4116 (offset 376 lines).
patching file /home/guess/patchrom/d855/framework.jar.out/./smali/android/telephony/PhoneStateListener.smali
Hunk #1 succeeded at 112 (offset 52 lines).
patching file /home/guess/patchrom/d855/framework.jar.out/./smali/android/view/View.smali
Hunk #1 succeeded at 762 (offset 2 lines).
Hunk #2 succeeded at 2826 (offset 2 lines).
Hunk #3 succeeded at 25544 (offset 42 lines).
Hunk #4 succeeded at 26560 (offset 42 lines).
Hunk #5 succeeded at 31483 (offset 42 lines).
patching file /home/guess/patchrom/d855/framework.jar.out/./smali/android/view/ViewDebug.smali
patching file /home/guess/patchrom/d855/framework.jar.out/./smali/android/view/Surface.smali
Hunk #1 succeeded at 347 (offset 3 lines).
patching file /home/guess/patchrom/d855/framework.jar.out/./smali/android/view/Window.smali
Hunk #3 succeeded at 1176 (offset 17 lines).
Hunk #4 FAILED at 1241.
Hunk #5 succeeded at 1297 (offset 34 lines).
1 out of 5 hunks FAILED -- saving rejects to file /home/guess/patchrom/d855/temp/reject/framework.jar.out/./smali/android/view/Window.smali.rej
patching file /home/guess/patchrom/d855/framework.jar.out/./smali/android/view/ScaleGestureDetector.smali
patching file '/home/guess/patchrom/d855/framework.jar.out/./smali/android/view/WindowManagerPolicy$WindowManagerFuncs.smali'
Hunk #1 succeeded at 41 with fuzz 1 (offset 9 lines).
patching file /home/guess/patchrom/d855/framework.jar.out/./smali/android/view/ViewRootImpl.smali
Hunk #1 succeeded at 9142 (offset 12 lines).
Hunk #2 succeeded at 9368 (offset 12 lines).
Hunk #3 succeeded at 13078 (offset 12 lines).
Hunk #4 succeeded at 13413 (offset 12 lines).
Hunk #5 succeeded at 13995 (offset 12 lines).
patching file /home/guess/patchrom/d855/framework.jar.out/./smali/android/view/LayoutInflater.smali
Hunk #1 succeeded at 1535 (offset 2 lines).
patching file '/home/guess/patchrom/d855/framework.jar.out/./smali/android/view/WindowManager$LayoutParams.smali'
Hunk #1 succeeded at 321 (offset 2 lines).
Hunk #2 succeeded at 1108 (offset 2 lines).
Hunk #3 succeeded at 1495 (offset 2 lines).
Hunk #4 succeeded at 2153 (offset 2 lines).
Hunk #5 succeeded at 2460 (offset 2 lines).
patching file /home/guess/patchrom/d855/framework.jar.out/./smali/android/view/WindowManagerGlobal.smali
patching file '/home/guess/patchrom/d855/framework.jar.out/./smali/android/view/ViewRootImpl$ImeInputStage.smali'
patching file /home/guess/patchrom/d855/framework.jar.out/./smali/android/view/WindowManagerPolicy.smali
Hunk #1 succeeded at 260 with fuzz 1 (offset 13 lines).
patching file /home/guess/patchrom/d855/framework.jar.out/./smali/android/view/ViewConfiguration.smali
Hunk #1 FAILED at 356.
Hunk #2 FAILED at 368.
Hunk #3 succeeded at 386 (offset -120 lines).
2 out of 3 hunks FAILED -- saving rejects to file /home/guess/patchrom/d855/temp/reject/framework.jar.out/./smali/android/view/ViewConfiguration.smali.rej

<<< compute the difference between /home/guess/patchrom/d855/temp/old_smali/services.jar.out and /home/guess/patchrom/d855/temp/new_smali/services.jar.out
<<< apply the patch into the /home/guess/patchrom/d855/services.jar.out
patching file /home/guess/patchrom/d855/services.jar.out/./smali/com/android/server/AssetAtlasService.smali
Hunk #2 succeeded at 177 (offset 14 lines).
Hunk #3 succeeded at 466 with fuzz 2 (offset -29 lines).
Hunk #4 succeeded at 724 (offset 40 lines).
patching file '/home/guess/patchrom/d855/services.jar.out/./smali/com/android/server/BackupManagerService$PerformFullBackupTask.smali'
Hunk #1 succeeded at 1492 (offset 81 lines).
Hunk #2 FAILED at 1728.
1 out of 2 hunks FAILED -- saving rejects to file '/home/guess/patchrom/d855/temp/reject/services.jar.out/./smali/com/android/server/BackupManagerService$PerformFullBackupTask.smali.rej'
patching file '/home/guess/patchrom/d855/services.jar.out/./smali/com/android/server/LightsService$1.smali'
patching file '/home/guess/patchrom/d855/services.jar.out/./smali/com/android/server/ConnectivityService$VpnCallback.smali'
Hunk #1 succeeded at 204 (offset -11 lines).
patching file '/home/guess/patchrom/d855/services.jar.out/./smali/com/android/server/BackupManagerService$PerformFullRestoreTask.smali'
Hunk #1 succeeded at 1499 (offset 15 lines).
Hunk #2 succeeded at 1874 (offset 15 lines).
Hunk #3 succeeded at 2609 with fuzz 2 (offset 70 lines).
patching file '/home/guess/patchrom/d855/services.jar.out/./smali/com/android/server/ServerThread$2.smali'
Hunk #1 FAILED at 361.
1 out of 1 hunk FAILED -- saving rejects to file '/home/guess/patchrom/d855/temp/reject/services.jar.out/./smali/com/android/server/ServerThread$2.smali.rej'
patching file /home/guess/patchrom/d855/services.jar.out/./smali/com/android/server/UiModeManagerService.smali
Hunk #2 succeeded at 307 (offset 16 lines).
Hunk #3 succeeded at 663 (offset 61 lines).
Hunk #4 succeeded at 1990 (offset 61 lines).
patching file /home/guess/patchrom/d855/services.jar.out/./smali/com/android/server/display/WifiDisplayController.smali
Hunk #1 FAILED at 2068.
1 out of 1 hunk FAILED -- saving rejects to file /home/guess/patchrom/d855/temp/reject/services.jar.out/./smali/com/android/server/display/WifiDisplayController.smali.rej
patching file /home/guess/patchrom/d855/services.jar.out/./smali/com/android/server/InputMethodManagerService.smali
Hunk #1 succeeded at 3223 with fuzz 1 (offset 37 lines).
Hunk #2 succeeded at 7049 (offset 46 lines).
patching file '/home/guess/patchrom/d855/services.jar.out/./smali/com/android/server/ConnectivityService$CheckMp.smali'
Hunk #1 FAILED at 2130.
Hunk #2 succeeded at 2152 (offset -12 lines).
1 out of 2 hunks FAILED -- saving rejects to file '/home/guess/patchrom/d855/temp/reject/services.jar.out/./smali/com/android/server/ConnectivityService$CheckMp.smali.rej'
patching file /home/guess/patchrom/d855/services.jar.out/./smali/com/android/server/BackupManagerService.smali
Hunk #2 FAILED at 8218.
Hunk #3 FAILED at 8298.
Hunk #4 succeeded at 8599 (offset 126 lines).
Hunk #5 succeeded at 8679 (offset 126 lines).
Hunk #6 succeeded at 9017 (offset 178 lines).
2 out of 6 hunks FAILED -- saving rejects to file /home/guess/patchrom/d855/temp/reject/services.jar.out/./smali/com/android/server/BackupManagerService.smali.rej
patching file /home/guess/patchrom/d855/services.jar.out/./smali/com/android/server/DeviceStorageMonitorService.smali
Hunk #1 succeeded at 1173 (offset 53 lines).
patching file '/home/guess/patchrom/d855/services.jar.out/./smali/com/android/server/NotificationManagerService$6.smali'
Hunk #1 FAILED at 253.
1 out of 1 hunk FAILED -- saving rejects to file '/home/guess/patchrom/d855/temp/reject/services.jar.out/./smali/com/android/server/NotificationManagerService$6.smali.rej'
patching file /home/guess/patchrom/d855/services.jar.out/./smali/com/android/server/connectivity/Tethering.smali
Hunk #1 succeeded at 1606 (offset 363 lines).
patching file /home/guess/patchrom/d855/services.jar.out/./smali/com/android/server/power/ShutdownThread.smali
Hunk #1 succeeded at 307 (offset 126 lines).
patching file /home/guess/patchrom/d855/services.jar.out/./smali/com/android/server/power/DisplayPowerController.smali
Hunk #1 succeeded at 2398 (offset 226 lines).
Hunk #2 succeeded at 2880 (offset 286 lines).
patching file /home/guess/patchrom/d855/services.jar.out/./smali/com/android/server/power/PowerManagerService.smali
Hunk #1 succeeded at 2870 with fuzz 1 (offset 2197 lines).
Hunk #2 FAILED at 1242.
Hunk #3 FAILED at 1265.
Hunk #4 FAILED at 1275.
Hunk #5 FAILED at 1400.
Hunk #6 FAILED at 1496.
Hunk #7 FAILED at 1781.
Hunk #8 succeeded at 3232 (offset 1437 lines).
Hunk #9 FAILED at 2517.
Hunk #10 succeeded at 3844 (offset 534 lines).
Hunk #11 succeeded at 7341 with fuzz 2 (offset 3085 lines).
Hunk #12 FAILED at 4365.
Hunk #13 FAILED at 4442.
Hunk #14 succeeded at 7392 (offset 1006 lines).
Hunk #15 succeeded at 7480 (offset 1028 lines).
Hunk #16 succeeded at 7711 (offset 1040 lines).
Hunk #17 succeeded at 8930 (offset 1393 lines).
Hunk #18 succeeded at 8962 (offset 1393 lines).
9 out of 18 hunks FAILED -- saving rejects to file /home/guess/patchrom/d855/temp/reject/services.jar.out/./smali/com/android/server/power/PowerManagerService.smali.rej
patching file '/home/guess/patchrom/d855/services.jar.out/./smali/com/android/server/power/PowerManagerService$WakeLock.smali'
patching file /home/guess/patchrom/d855/services.jar.out/./smali/com/android/server/net/NetworkPolicyManagerService.smali
Hunk #1 succeeded at 4326 (offset 2 lines).
patching file '/home/guess/patchrom/d855/services.jar.out/./smali/com/android/server/input/InputManagerService$WindowManagerCallbacks.smali'
patching file '/home/guess/patchrom/d855/services.jar.out/./smali/com/android/server/AlarmManagerService$UninstallReceiver.smali'
patching file '/home/guess/patchrom/d855/services.jar.out/./smali/com/android/server/ConnectivityService$FeatureUser.smali'
Hunk #3 FAILED at 180.
1 out of 3 hunks FAILED -- saving rejects to file '/home/guess/patchrom/d855/temp/reject/services.jar.out/./smali/com/android/server/ConnectivityService$FeatureUser.smali.rej'
patching file /home/guess/patchrom/d855/services.jar.out/./smali/com/android/server/AlarmManagerService.smali
Hunk #1 succeeded at 7 with fuzz 1.
Hunk #2 FAILED at 1537.
Hunk #3 succeeded at 3951 (offset 506 lines).
1 out of 3 hunks FAILED -- saving rejects to file /home/guess/patchrom/d855/temp/reject/services.jar.out/./smali/com/android/server/AlarmManagerService.smali.rej
patching file /home/guess/patchrom/d855/services.jar.out/./smali/com/android/server/MountService.smali
Hunk #1 succeeded at 1605 (offset 149 lines).
Hunk #2 succeeded at 2132 (offset 149 lines).
Hunk #3 succeeded at 7050 (offset 366 lines).
Hunk #4 succeeded at 8453 (offset 404 lines).
patching file /home/guess/patchrom/d855/services.jar.out/./smali/com/android/server/LocationManagerService.smali
Hunk #1 succeeded at 124 (offset 12 lines).
Hunk #2 succeeded at 350 with fuzz 2 (offset 14 lines).
Hunk #3 succeeded at 435 (offset 14 lines).
Hunk #4 succeeded at 3187 (offset 26 lines).
Hunk #5 succeeded at 4062 (offset 176 lines).
Hunk #6 succeeded at 4240 (offset 176 lines).
Hunk #7 succeeded at 5011 (offset 415 lines).
Hunk #8 succeeded at 5214 (offset 415 lines).
Hunk #9 FAILED at 5005.
Hunk #10 succeeded at 7913 (offset 469 lines).
Hunk #11 succeeded at 8114 (offset 478 lines).
Hunk #12 succeeded at 8140 (offset 478 lines).
Hunk #13 succeeded at 8155 with fuzz 2 (offset 480 lines).
Hunk #14 succeeded at 8605 (offset 585 lines).
Hunk #15 FAILED at 8052.
Hunk #16 succeeded at 9193 (offset 588 lines).
Hunk #17 succeeded at 9256 (offset 588 lines).
2 out of 17 hunks FAILED -- saving rejects to file /home/guess/patchrom/d855/temp/reject/services.jar.out/./smali/com/android/server/LocationManagerService.smali.rej
patching file '/home/guess/patchrom/d855/services.jar.out/./smali/com/android/server/NotificationManagerService$5.smali'
Hunk #1 succeeded at 362 with fuzz 1 (offset -20 lines).
patching file '/home/guess/patchrom/d855/services.jar.out/./smali/com/android/server/AlarmManagerService$Alarm.smali'
Hunk #2 FAILED at 21.
Hunk #3 FAILED at 36.
Hunk #4 succeeded at 81 with fuzz 2 (offset 16 lines).
2 out of 4 hunks FAILED -- saving rejects to file '/home/guess/patchrom/d855/temp/reject/services.jar.out/./smali/com/android/server/AlarmManagerService$Alarm.smali.rej'
patching file '/home/guess/patchrom/d855/services.jar.out/./smali/com/android/server/content/SyncManager$SyncHandler.smali'
patching file /home/guess/patchrom/d855/services.jar.out/./smali/com/android/server/content/SyncManager.smali
patching file /home/guess/patchrom/d855/services.jar.out/./smali/com/android/server/ServerThread.smali
Hunk #1 succeeded at 22 (offset 8 lines).
Hunk #2 succeeded at 69 with fuzz 1 (offset 43 lines).
Hunk #3 succeeded at 514 with fuzz 2 (offset 56 lines).
Hunk #4 FAILED at 718.
Hunk #5 FAILED at 871.
Hunk #6 FAILED at 1930.
Hunk #7 FAILED at 1970.
Hunk #8 FAILED at 2420.
5 out of 8 hunks FAILED -- saving rejects to file /home/guess/patchrom/d855/temp/reject/services.jar.out/./smali/com/android/server/ServerThread.smali.rej
patching file /home/guess/patchrom/d855/services.jar.out/./smali/com/android/server/location/GpsLocationProvider.smali
Hunk #2 succeeded at 3906 (offset 287 lines).
Hunk #3 succeeded at 4271 (offset 287 lines).
Hunk #4 succeeded at 5892 (offset 295 lines).
Hunk #5 succeeded at 5928 (offset 295 lines).
patching file '/home/guess/patchrom/d855/services.jar.out/./smali/com/android/server/LocationManagerService$Receiver.smali'
patching file '/home/guess/patchrom/d855/services.jar.out/./smali/com/android/server/MasterClearReceiver$1.smali'
Hunk #1 FAILED at 19.
Hunk #2 succeeded at 34 with fuzz 2 (offset 4 lines).
Hunk #3 FAILED at 40.
2 out of 3 hunks FAILED -- saving rejects to file '/home/guess/patchrom/d855/temp/reject/services.jar.out/./smali/com/android/server/MasterClearReceiver$1.smali.rej'
patching file /home/guess/patchrom/d855/services.jar.out/./smali/com/android/server/am/BroadcastRecord.smali
patching file /home/guess/patchrom/d855/services.jar.out/./smali/com/android/server/am/TaskRecord.smali
Hunk #2 succeeded at 1031 with fuzz 2 (offset -380 lines).
patching file /home/guess/patchrom/d855/services.jar.out/./smali/com/android/server/am/ActivityStackSupervisor.smali
Hunk #1 succeeded at 7362 (offset 31 lines).
patching file '/home/guess/patchrom/d855/services.jar.out/./smali/com/android/server/am/ActivityManagerService$2.smali'
patching file /home/guess/patchrom/d855/services.jar.out/./smali/com/android/server/am/ActivityStack.smali
Hunk #1 succeeded at 1613 (offset 53 lines).
Hunk #2 succeeded at 3859 (offset 178 lines).
Hunk #3 succeeded at 6552 (offset 229 lines).
Hunk #4 succeeded at 6780 (offset 226 lines).
Hunk #5 succeeded at 11581 (offset 250 lines).
patching file /home/guess/patchrom/d855/services.jar.out/./smali/com/android/server/am/BroadcastQueue.smali
Hunk #1 succeeded at 709 (offset 19 lines).
Hunk #2 succeeded at 965 (offset 60 lines).
Hunk #3 succeeded at 1615 (offset 60 lines).
Hunk #4 succeeded at 5385 with fuzz 1 (offset 138 lines).
patching file /home/guess/patchrom/d855/services.jar.out/./smali/com/android/server/am/ActivityManagerService.smali
Hunk #1 succeeded at 1726 with fuzz 2 (offset 140 lines).
Hunk #2 succeeded at 3559 (offset 291 lines).
Hunk #3 succeeded at 4155 (offset 291 lines).
Hunk #4 succeeded at 11252 (offset 375 lines).
Hunk #5 succeeded at 14966 (offset 375 lines).
Hunk #6 succeeded at 15206 (offset 375 lines).
Hunk #7 succeeded at 15438 (offset 375 lines).
Hunk #8 succeeded at 18614 (offset 434 lines).
Hunk #9 succeeded at 19688 (offset 435 lines).
Hunk #10 succeeded at 28123 (offset 786 lines).
Hunk #11 succeeded at 42583 (offset 800 lines).
Hunk #12 succeeded at 43056 (offset 812 lines).
Hunk #13 succeeded at 44983 (offset 814 lines).
Hunk #14 succeeded at 44997 (offset 814 lines).
Hunk #15 succeeded at 62540 (offset 960 lines).
Hunk #16 succeeded at 67092 with fuzz 1 (offset 1043 lines).
Hunk #17 succeeded at 70444 (offset 1061 lines).
patching file /home/guess/patchrom/d855/services.jar.out/./smali/com/android/server/DevicePolicyManagerService.smali
patching file /home/guess/patchrom/d855/services.jar.out/./smali/com/android/server/StatusBarManagerService.smali
patching file /home/guess/patchrom/d855/services.jar.out/./smali/com/android/server/VibratorService.smali
Hunk #1 succeeded at 22 (offset 2 lines).
Hunk #2 succeeded at 79 (offset 2 lines).
Hunk #3 succeeded at 109 (offset 2 lines).
Hunk #4 succeeded at 144 (offset 2 lines).
Hunk #5 succeeded at 152 (offset 2 lines).
Hunk #6 succeeded at 1351 (offset 50 lines).
patching file /home/guess/patchrom/d855/services.jar.out/./smali/com/android/server/accounts/AccountManagerService.smali
Hunk #1 succeeded at 3680 (offset 2 lines).
patching file /home/guess/patchrom/d855/services.jar.out/./smali/com/android/server/ConnectivityService.smali
Hunk #1 FAILED at 732.
Hunk #2 succeeded at 9690 (offset 282 lines).
Hunk #3 succeeded at 10121 (offset 368 lines).
Hunk #4 succeeded at 10426 (offset 368 lines).
Hunk #5 succeeded at 12597 (offset 562 lines).
Hunk #6 succeeded at 15406 (offset 591 lines).
Hunk #7 succeeded at 15516 (offset 591 lines).
Hunk #8 succeeded at 15531 (offset 591 lines).
Hunk #9 succeeded at 15713 (offset 591 lines).
Hunk #10 succeeded at 16727 (offset 591 lines).
Hunk #11 succeeded at 16808 (offset 591 lines).
Hunk #12 succeeded at 17258 (offset 689 lines).
1 out of 12 hunks FAILED -- saving rejects to file /home/guess/patchrom/d855/temp/reject/services.jar.out/./smali/com/android/server/ConnectivityService.smali.rej
patching file /home/guess/patchrom/d855/services.jar.out/./smali/com/android/server/pm/PackageManagerService.smali
Hunk #1 FAILED at 917.
Hunk #2 FAILED at 1610.
Hunk #3 succeeded at 5055 with fuzz 2 (offset 2838 lines).
Hunk #4 FAILED at 2355.
Hunk #5 FAILED at 4671.
Hunk #6 succeeded at 8820 (offset 2003 lines).
Hunk #7 FAILED at 9998.
Hunk #8 FAILED at 15757.
Hunk #9 succeeded at 19301 (offset 3422 lines).
Hunk #10 FAILED at 16354.
Hunk #11 succeeded at 19943 with fuzz 2 (offset 3555 lines).
Hunk #12 succeeded at 28365 with fuzz 1 (offset 6936 lines).
Hunk #13 succeeded at 32832 (offset 4944 lines).
Hunk #14 succeeded at 33029 with fuzz 1 (offset 4944 lines).
Hunk #15 succeeded at 39823 (offset 4964 lines).
Hunk #16 succeeded at 46324 (offset 5629 lines).
Hunk #17 succeeded at 46908 (offset 5816 lines).
7 out of 17 hunks FAILED -- saving rejects to file /home/guess/patchrom/d855/temp/reject/services.jar.out/./smali/com/android/server/pm/PackageManagerService.smali.rej
patching file '/home/guess/patchrom/d855/services.jar.out/./smali/com/android/server/pm/PackageManagerService$PackageHandler.smali'
Hunk #1 succeeded at 2423 (offset 120 lines).
patching file /home/guess/patchrom/d855/services.jar.out/./smali/com/android/server/NotificationManagerService.smali
Hunk #1 FAILED at 3287.
Hunk #2 FAILED at 3327.
Hunk #3 succeeded at 6112 with fuzz 2 (offset 2743 lines).
Hunk #4 succeeded at 8200 (offset 1326 lines).
2 out of 4 hunks FAILED -- saving rejects to file /home/guess/patchrom/d855/temp/reject/services.jar.out/./smali/com/android/server/NotificationManagerService.smali.rej
patching file /home/guess/patchrom/d855/services.jar.out/./smali/com/android/server/MasterClearReceiver.smali
Hunk #1 FAILED at 25.
Hunk #2 FAILED at 71.
2 out of 2 hunks FAILED -- saving rejects to file /home/guess/patchrom/d855/temp/reject/services.jar.out/./smali/com/android/server/MasterClearReceiver.smali.rej
patching file /home/guess/patchrom/d855/services.jar.out/./smali/com/android/server/LockSettingsService.smali
Hunk #2 succeeded at 1346 (offset 86 lines).
Hunk #3 succeeded at 2084 (offset 163 lines).
patching file '/home/guess/patchrom/d855/services.jar.out/./smali/com/android/server/LocationManagerService$UpdateRecord.smali'
patching file /home/guess/patchrom/d855/services.jar.out/./smali/com/android/server/LightsService.smali
Hunk #1 succeeded at 213 (offset 6 lines).
patching file /home/guess/patchrom/d855/services.jar.out/./smali/com/android/server/usb/UsbDeviceManager.smali
Hunk #1 succeeded at 231 (offset 35 lines).
Hunk #2 succeeded at 1309 (offset 35 lines).
patching file '/home/guess/patchrom/d855/services.jar.out/./smali/com/android/server/wm/WindowManagerService$H.smali'
patching file /home/guess/patchrom/d855/services.jar.out/./smali/com/android/server/wm/InputMonitor.smali
patching file /home/guess/patchrom/d855/services.jar.out/./smali/com/android/server/wm/WindowManagerService.smali
Hunk #1 succeeded at 2388 (offset 83 lines).
Hunk #2 succeeded at 2416 (offset 83 lines).
Hunk #3 succeeded at 6232 (offset 174 lines).
Hunk #4 succeeded at 7019 (offset 174 lines).
Hunk #5 succeeded at 18030 (offset 338 lines).
Hunk #6 succeeded at 22431 (offset 338 lines).
Hunk #7 succeeded at 27664 with fuzz 1 (offset 570 lines).
patching file /home/guess/patchrom/d855/services.jar.out/./smali/com/android/server/wm/WindowStateAnimator.smali
Hunk #2 succeeded at 5082 (offset 11 lines).
patching file '/home/guess/patchrom/d855/services.jar.out/./smali/com/android/server/LightsService$Light.smali'
Hunk #3 succeeded at 43 (offset -2 lines).
Hunk #4 succeeded at 66 (offset -12 lines).
Hunk #5 succeeded at 166 with fuzz 2 (offset 9 lines).
Hunk #6 FAILED at 217.
Hunk #7 succeeded at 253 (offset -51 lines).
Hunk #8 succeeded at 289 (offset -51 lines).
Hunk #9 succeeded at 328 (offset -51 lines).
Hunk #10 succeeded at 363 (offset -51 lines).
1 out of 10 hunks FAILED -- saving rejects to file '/home/guess/patchrom/d855/temp/reject/services.jar.out/./smali/com/android/server/LightsService$Light.smali.rej'
<<< compute the difference between /home/guess/patchrom/d855/temp/old_smali/telephony-common.jar.out and /home/guess/patchrom/d855/temp/new_smali/telephony-common.jar.out
<<< apply the patch into the /home/guess/patchrom/d855/telephony-common.jar.out
patching file /home/guess/patchrom/d855/telephony-common.jar.out/./smali/com/android/internal/telephony/gsm/GSMPhone.smali
Hunk #1 succeeded at 151 (offset -6 lines).
Hunk #2 FAILED at 1599.
Hunk #3 FAILED at 2768.
Hunk #4 FAILED at 3639.
Hunk #5 succeeded at 4413 (offset 626 lines).
Hunk #6 succeeded at 5446 (offset 925 lines).
3 out of 6 hunks FAILED -- saving rejects to file /home/guess/patchrom/d855/temp/reject/telephony-common.jar.out/./smali/com/android/internal/telephony/gsm/GSMPhone.smali.rej
patching file /home/guess/patchrom/d855/telephony-common.jar.out/./smali/com/android/internal/telephony/gsm/GsmConnection.smali
Hunk #2 succeeded at 71 (offset -2 lines).
Hunk #3 succeeded at 161 (offset -2 lines).
Hunk #4 succeeded at 2140 (offset 67 lines).
patching file /home/guess/patchrom/d855/telephony-common.jar.out/./smali/com/android/internal/telephony/gsm/SmsMessage.smali
Hunk #1 succeeded at 35 (offset 14 lines).
Hunk #2 succeeded at 67 with fuzz 2 (offset 16 lines).
Hunk #3 succeeded at 1474 with fuzz 2 (offset -199 lines).
Hunk #4 succeeded at 2659 (offset 548 lines).
patching file /home/guess/patchrom/d855/telephony-common.jar.out/./smali/com/android/internal/telephony/Phone.smali
Hunk #1 succeeded at 518 (offset 142 lines).
patching file /home/guess/patchrom/d855/telephony-common.jar.out/./smali/com/android/internal/telephony/uicc/RuimRecords.smali
Hunk #1 FAILED at 314.
1 out of 1 hunk FAILED -- saving rejects to file /home/guess/patchrom/d855/temp/reject/telephony-common.jar.out/./smali/com/android/internal/telephony/uicc/RuimRecords.smali.rej
patching file /home/guess/patchrom/d855/telephony-common.jar.out/./smali/com/android/internal/telephony/uicc/SIMRecords.smali
Hunk #1 succeeded at 974 (offset -4 lines).
Hunk #2 succeeded at 3365 (offset 1834 lines).
Hunk #3 succeeded at 8205 with fuzz 2 (offset 960 lines).
Hunk #4 FAILED at 7469.
Hunk #5 FAILED at 7477.
Hunk #6 succeeded at 8629 (offset 261 lines).
2 out of 6 hunks FAILED -- saving rejects to file /home/guess/patchrom/d855/temp/reject/telephony-common.jar.out/./smali/com/android/internal/telephony/uicc/SIMRecords.smali.rej
patching file /home/guess/patchrom/d855/telephony-common.jar.out/./smali/com/android/internal/telephony/uicc/IccRecords.smali
Hunk #2 succeeded at 1244 (offset 93 lines).
Hunk #3 succeeded at 1756 (offset 296 lines).
patching file /home/guess/patchrom/d855/telephony-common.jar.out/./smali/com/android/internal/telephony/uicc/UiccCard.smali
Hunk #1 FAILED at 313.
Hunk #2 succeeded at 1380 with fuzz 1 (offset 139 lines).
1 out of 2 hunks FAILED -- saving rejects to file /home/guess/patchrom/d855/temp/reject/telephony-common.jar.out/./smali/com/android/internal/telephony/uicc/UiccCard.smali.rej
patching file /home/guess/patchrom/d855/telephony-common.jar.out/./smali/com/android/internal/telephony/Connection.smali
Hunk #1 succeeded at 29 with fuzz 2 (offset 8 lines).
Hunk #2 succeeded at 66 with fuzz 2 (offset 18 lines).
Hunk #3 succeeded at 155 with fuzz 1 (offset 45 lines).
Hunk #4 succeeded at 203 (offset 63 lines).
Hunk #5 succeeded at 295 (offset 63 lines).
Hunk #6 succeeded at 392 with fuzz 1 (offset 119 lines).
patching file /home/guess/patchrom/d855/telephony-common.jar.out/./smali/com/android/internal/telephony/SmsMessageBase.smali
Hunk #1 succeeded at 173 (offset 2 lines).
patching file /home/guess/patchrom/d855/telephony-common.jar.out/./smali/com/android/internal/telephony/IccProvider.smali
Hunk #1 FAILED at 4.
Hunk #2 FAILED at 38.
Hunk #3 succeeded at 76 with fuzz 2 (offset 16 lines).
2 out of 3 hunks FAILED -- saving rejects to file /home/guess/patchrom/d855/temp/reject/telephony-common.jar.out/./smali/com/android/internal/telephony/IccProvider.smali.rej
patching file '/home/guess/patchrom/d855/telephony-common.jar.out/./smali/com/android/internal/telephony/InboundSmsHandler$SmsBroadcastReceiver.smali'
patching file /home/guess/patchrom/d855/telephony-common.jar.out/./smali/com/android/internal/telephony/PhoneBase.smali
Hunk #1 succeeded at 134 (offset 14 lines).
Hunk #2 succeeded at 578 (offset 80 lines).
Hunk #3 succeeded at 1071 (offset 80 lines).
Hunk #4 FAILED at 1169.
Hunk #5 succeeded at 2934 (offset 443 lines).
1 out of 5 hunks FAILED -- saving rejects to file /home/guess/patchrom/d855/temp/reject/telephony-common.jar.out/./smali/com/android/internal/telephony/PhoneBase.smali.rej
patching file /home/guess/patchrom/d855/telephony-common.jar.out/./smali/com/android/internal/telephony/InboundSmsHandler.smali
Hunk #1 succeeded at 846 with fuzz 1 (offset 48 lines).
Hunk #2 succeeded at 1307 (offset 48 lines).
patching file /home/guess/patchrom/d855/telephony-common.jar.out/./smali/com/android/internal/telephony/TelephonyCapabilities.smali
patching file /home/guess/patchrom/d855/telephony-common.jar.out/./smali/com/android/internal/telephony/PhoneProxy.smali
Hunk #1 succeeded at 1366 (offset -181 lines).
patching file /home/guess/patchrom/d855/telephony-common.jar.out/./smali/com/android/internal/telephony/cdma/CDMAPhone.smali
Hunk #1 succeeded at 1116 (offset -168 lines).
Hunk #2 succeeded at 2714 (offset -182 lines).
Hunk #3 succeeded at 3220 (offset -193 lines).
Hunk #4 FAILED at 4019.
Hunk #5 succeeded at 4097 (offset -201 lines).
1 out of 5 hunks FAILED -- saving rejects to file /home/guess/patchrom/d855/temp/reject/telephony-common.jar.out/./smali/com/android/internal/telephony/cdma/CDMAPhone.smali.rej
patching file /home/guess/patchrom/d855/telephony-common.jar.out/./smali/android/telephony/CellBroadcastMessage.smali
Hunk #1 succeeded at 1338 with fuzz 1 (offset 22 lines).
Hunk #2 succeeded at 1520 (offset 32 lines).
patching file /home/guess/patchrom/d855/telephony-common.jar.out/./smali/android/telephony/SmsMessage.smali
Hunk #1 succeeded at 1014 (offset 185 lines).
patching file /home/guess/patchrom/d855/telephony-common.jar.out/./smali/android/telephony/SmsManager.smali
Hunk #1 succeeded at 227 with fuzz 1 (offset 38 lines).
Hunk #2 succeeded at 1404 (offset 416 lines).
<<< compute the difference between /home/guess/patchrom/d855/temp/old_smali/framework2.jar.out and /home/guess/patchrom/d855/temp/new_smali/framework2.jar.out
<<< apply the patch into the /home/guess/patchrom/d855/framework2.jar.out
patching file '/home/guess/patchrom/d855/framework2.jar.out/./smali/com/android/internal/app/IAppOpsService$Stub$Proxy.smali'
Hunk #2 succeeded at 595 (offset 4 lines).
patching file '/home/guess/patchrom/d855/framework2.jar.out/./smali/com/android/internal/app/IAppOpsService$Stub.smali'
Hunk #1 succeeded at 590 with fuzz 2 (offset 90 lines).
Hunk #2 FAILED at 574.
1 out of 2 hunks FAILED -- saving rejects to file '/home/guess/patchrom/d855/temp/reject/framework2.jar.out/./smali/com/android/internal/app/IAppOpsService$Stub.smali.rej'
patching file /home/guess/patchrom/d855/framework2.jar.out/./smali/com/android/internal/app/LocalePicker.smali
patching file /home/guess/patchrom/d855/framework2.jar.out/./smali/com/android/internal/app/IAppOpsService.smali
patching file /home/guess/patchrom/d855/framework2.jar.out/./smali/com/android/internal/statusbar/IStatusBar.smali
patching file '/home/guess/patchrom/d855/framework2.jar.out/./smali/com/android/internal/statusbar/IStatusBar$Stub$Proxy.smali'
patching file /home/guess/patchrom/d855/framework2.jar.out/./smali/com/android/internal/statusbar/IStatusBarService.smali
patching file '/home/guess/patchrom/d855/framework2.jar.out/./smali/com/android/internal/statusbar/IStatusBarService$Stub$Proxy.smali'
patching file '/home/guess/patchrom/d855/framework2.jar.out/./smali/com/android/internal/statusbar/IStatusBar$Stub.smali'
patching file '/home/guess/patchrom/d855/framework2.jar.out/./smali/com/android/internal/statusbar/IStatusBarService$Stub.smali'
patching file /home/guess/patchrom/d855/framework2.jar.out/./smali/com/android/internal/widget/SizeAdaptiveLayout.smali
patching file '/home/guess/patchrom/d855/framework2.jar.out/./smali/com/android/internal/widget/ILockSettings$Stub.smali'
Hunk #1 succeeded at 52 (offset 2 lines).
Hunk #2 succeeded at 580 with fuzz 2 (offset 27 lines).
Hunk #3 FAILED at 589.
1 out of 3 hunks FAILED -- saving rejects to file '/home/guess/patchrom/d855/temp/reject/framework2.jar.out/./smali/com/android/internal/widget/ILockSettings$Stub.smali.rej'
patching file /home/guess/patchrom/d855/framework2.jar.out/./smali/com/android/internal/widget/LockPatternUtils.smali
Hunk #1 succeeded at 1715 (offset -130 lines).
Hunk #2 succeeded at 4151 (offset 209 lines).
patching file /home/guess/patchrom/d855/framework2.jar.out/./smali/com/android/internal/widget/ILockSettings.smali
Hunk #1 succeeded at 119 (offset 8 lines).
patching file '/home/guess/patchrom/d855/framework2.jar.out/./smali/com/android/internal/widget/ILockSettings$Stub$Proxy.smali'
Hunk #1 succeeded at 921 (offset 61 lines).
patching file /home/guess/patchrom/d855/framework2.jar.out/./smali/com/android/internal/os/RuntimeInit.smali
patching file /home/guess/patchrom/d855/framework2.jar.out/./smali/com/android/internal/os/ZygoteInit.smali
Hunk #1 succeeded at 455 (offset 5 lines).
Hunk #2 succeeded at 1250 (offset -52 lines).
Hunk #3 FAILED at 1426.
1 out of 3 hunks FAILED -- saving rejects to file /home/guess/patchrom/d855/temp/reject/framework2.jar.out/./smali/com/android/internal/os/ZygoteInit.smali.rej


>>> patch miui into target framework is done. Please look at /home/guess/patchrom/d855/temp/reject to resolve any conflicts!
guess@guess-VirtualBox:~/patchrom/d855$ 
